<?xml version="1.0" encoding="UTF-8"?>
<testsuite xmlns:xsi="http://www.w3.org/2001/XMLSchema-instance" xsi:noNamespaceSchemaLocation="https://maven.apache.org/surefire/maven-surefire-plugin/xsd/surefire-test-report-3.0.xsd" version="3.0" name="runners.RunnerClass" time="23.629" tests="3" errors="0" skipped="0" failures="0">
  <properties>
[...]
</properties>
  <testcase name="user enters the incorrect credentials and verify the error message #1" classname="Login Feature" time="13.161">
    <system-err><![CDATA[SLF4J: Failed to load class "org.slf4j.impl.StaticLoggerBinder".
SLF4J: Defaulting to no-operation (NOP) logger implementation
SLF4J: See http://www.slf4j.org/codes.html#StaticLoggerBinder for further details.
Oct 30, 2023 6:49:08 PM org.openqa.selenium.devtools.CdpVersionFinder findNearestMatch
WARNING: Unable to find an exact match for CDP version 118, so returning the closest version found: 115
]]></system-err>
  </testcase>
  <testcase name="user enters the incorrect credentials and verify the error message #2" classname="Login Feature" time="5.368">
    <system-err><![CDATA[Oct 30, 2023 6:49:18 PM org.openqa.selenium.devtools.CdpVersionFinder findNearestMatch
WARNING: Unable to find an exact match for CDP version 118, so returning the closest version found: 115
]]></system-err>
  </testcase>
  <testcase name="user enters the incorrect credentials and verify the error message #3" classname="Login Feature" time="4.647">
    <system-err><![CDATA[Oct 30, 2023 6:49:23 PM org.openqa.selenium.devtools.CdpVersionFinder findNearestMatch
WARNING: Unable to find an exact match for CDP version 118, so returning the closest version found: 115
]]></system-err>
  </testcase>
</testsuite>